<?xml version="1.0" encoding="UTF-8"?>
<testng-results skipped="0" failed="0" ignored="0" total="1" passed="1">
  <reporter-output>
  </reporter-output>
  <suite name="Suite1" duration-ms="8226" started-at="2020-08-08T20:55:18Z" finished-at="2020-08-08T20:55:26Z">
    <groups>
    </groups>
    <test name="Test1" duration-ms="8226" started-at="2020-08-08T20:55:18Z" finished-at="2020-08-08T20:55:26Z">
      <class name="Tests.TestLogin">
        <test-method status="PASS" signature="setDriver(org.testng.ITestContext)[pri:0, instance:Tests.TestLogin@2d127a61]" name="setDriver" is-config="true" duration-ms="7347" started-at="2020-08-08T20:55:18Z" finished-at="2020-08-08T20:55:25Z">
          <params>
            <param index="0">
              <value>
                <![CDATA[org.testng.TestRunner@7a1a14a4]]>
              </value>
            </param>
          </params>
          <reporter-output>
          </reporter-output>
        </test-method> <!-- setDriver -->
        <test-method status="PASS" signature="teardown()[pri:0, instance:Tests.TestLogin@2d127a61]" name="teardown" is-config="true" duration-ms="869" started-at="2020-08-08T20:55:25Z" finished-at="2020-08-08T20:55:26Z">
          <reporter-output>
          </reporter-output>
        </test-method> <!-- teardown -->
        <test-method status="PASS" signature="Login_Test()[pri:0, instance:Tests.TestLogin@2d127a61]" name="Login_Test" duration-ms="0" started-at="2020-08-08T20:55:25Z" finished-at="2020-08-08T20:55:25Z">
          <reporter-output>
          </reporter-output>
        </test-method> <!-- Login_Test -->
      </class> <!-- Tests.TestLogin -->
    </test> <!-- Test1 -->
  </suite> <!-- Suite1 -->
</testng-results>
